<?xml version="1.0" encoding="utf-8"?><testsuites name="pytest tests"><testsuite name="pytest" errors="0" failures="0" skipped="0" tests="14" time="12.323" timestamp="2026-03-25T15:24:46.949670+01:00" hostname="DESKTOP-N1BDAUU"><testcase classname="Tests.test_model.TestDataset" name="test_dataset_non_vide" time="0.097" /><testcase classname="Tests.test_model.TestDataset" name="test_colonnes_worst_presentes" time="0.009" /><testcase classname="Tests.test_model.TestDataset" name="test_pas_de_valeurs_manquantes_dans_features" time="0.038" /><testcase classname="Tests.test_model.TestDataset" name="test_deux_classes_presentes" time="0.010" /><testcase classname="Tests.test_model.TestDataset" name="test_encodage_m_est_malin" time="0.015" /><testcase classname="Tests.test_model.TestMetriques" name="test_recall_seuil_medical" time="0.813" /><testcase classname="Tests.test_model.TestMetriques" name="test_precision_acceptable" time="0.007" /><testcase classname="Tests.test_model.TestMetriques" name="test_auc_discrimination_globale" time="0.016" /><testcase classname="Tests.test_model.TestMetriques" name="test_f1_score_equilibre" time="0.012" /><testcase classname="Tests.test_model.TestMetriques" name="test_matrice_confusion_pas_de_classe_ignoree" time="0.018" /><testcase classname="Tests.test_model.TestMetriques" name="test_probabilites_valides" time="0.009" /><testcase classname="Tests.test_model.TestRobustesse" name="test_prediction_sur_un_seul_exemple" time="0.034" /><testcase classname="Tests.test_model.TestRobustesse" name="test_prediction_stable_sur_meme_entree" time="0.105" /><testcase classname="Tests.test_model.TestRobustesse" name="test_scaler_dans_plage_attendue" time="0.039" /></testsuite></testsuites>